2025-06-05 12:40:22,854 [main] INFO  com.orangehrm.utilities.Log  - ===================================successfulLoginTest Test Start ===================================
2025-06-05 12:40:32,737 [main] INFO  com.orangehrm.utilities.Log  - ===================================successfulLoginTest Test End ===================================
2025-06-05 14:06:32,501 [main] INFO  com.orangehrm.utilities.Log  - ===================================failedLoginTest Test Start ===================================
2025-06-05 14:06:48,357 [main] INFO  com.orangehrm.utilities.Log  - ===================================successfulLoginTest Test Start ===================================
2025-06-05 14:18:22,214 [main] INFO  com.orangehrm.utilities.Log  - ===================================failedLoginTest Test Start ===================================
2025-06-05 14:18:25,093 [main] INFO  com.orangehrm.utilities.Log  - ===================================failedLoginTest Test End ===================================
2025-06-05 14:18:31,683 [main] INFO  com.orangehrm.utilities.Log  - ===================================successfulLoginTest Test Start ===================================
2025-06-05 14:18:37,874 [main] INFO  com.orangehrm.utilities.Log  - ===================================successfulLoginTest Test End ===================================
2025-06-05 14:26:21,352 [main] INFO  com.orangehrm.utilities.Log  - ===================================successfulLoginTest Test Start ===================================
2025-06-05 14:26:24,509 [main] INFO  com.orangehrm.utilities.Log  - ===================================successfulLoginTest Test End ===================================
2025-06-06 11:20:26,787 [main] INFO  com.orangehrm.utilities.Log  - ===================================failedLoginTest Test Start ===================================
2025-06-06 11:20:29,268 [main] INFO  com.orangehrm.utilities.Log  - ===================================failedLoginTest Test End ===================================
2025-06-06 11:20:34,654 [main] INFO  com.orangehrm.utilities.Log  - ===================================successfulLoginTest Test Start ===================================
2025-06-06 11:20:37,473 [main] INFO  com.orangehrm.utilities.Log  - ===================================successfulLoginTest Test End ===================================
2025-06-06 11:20:45,865 [main] INFO  com.orangehrm.utilities.Log  - ===================================failedLoginTest Test Start ===================================
2025-06-06 11:20:48,258 [main] INFO  com.orangehrm.utilities.Log  - ===================================failedLoginTest Test End ===================================
2025-06-06 11:20:56,222 [main] INFO  com.orangehrm.utilities.Log  - ===================================successfulLoginTest Test Start ===================================
2025-06-06 11:20:59,050 [main] INFO  com.orangehrm.utilities.Log  - ===================================successfulLoginTest Test End ===================================
2025-06-06 11:23:23,813 [main] INFO  com.orangehrm.utilities.Log  - ===================================failedLoginTest Test Start ===================================
2025-06-06 11:23:24,918 [main] INFO  com.orangehrm.utilities.Log  - ===================================failedLoginTest Test End ===================================
2025-06-06 11:23:30,434 [main] INFO  com.orangehrm.utilities.Log  - ===================================successfulLoginTest Test Start ===================================
2025-06-06 11:23:31,959 [main] INFO  com.orangehrm.utilities.Log  - ===================================successfulLoginTest Test End ===================================
2025-06-06 11:23:38,786 [main] INFO  com.orangehrm.utilities.Log  - ===================================failedLoginTest Test Start ===================================
2025-06-06 11:23:40,906 [main] INFO  com.orangehrm.utilities.Log  - ===================================failedLoginTest Test End ===================================
2025-06-06 11:23:49,009 [main] INFO  com.orangehrm.utilities.Log  - ===================================successfulLoginTest Test Start ===================================
2025-06-06 11:23:52,026 [main] INFO  com.orangehrm.utilities.Log  - ===================================successfulLoginTest Test End ===================================
2025-06-06 11:29:14,117 [main] INFO  com.orangehrm.utilities.Log  - ===================================failedLoginTest Test Start ===================================
2025-06-06 11:29:16,753 [main] INFO  com.orangehrm.utilities.Log  - ===================================failedLoginTest Test End ===================================
2025-06-06 11:29:23,014 [main] INFO  com.orangehrm.utilities.Log  - ===================================successfulLoginTest Test Start ===================================
2025-06-06 11:29:26,339 [main] INFO  com.orangehrm.utilities.Log  - ===================================successfulLoginTest Test End ===================================
2025-06-06 11:29:33,889 [main] INFO  com.orangehrm.utilities.Log  - ===================================failedLoginTest Test Start ===================================
2025-06-06 11:29:36,137 [main] INFO  com.orangehrm.utilities.Log  - ===================================failedLoginTest Test End ===================================
2025-06-06 11:29:45,039 [main] INFO  com.orangehrm.utilities.Log  - ===================================successfulLoginTest Test Start ===================================
2025-06-06 11:29:46,745 [main] INFO  com.orangehrm.utilities.Log  - ===================================successfulLoginTest Test End ===================================
2025-06-06 11:31:52,595 [main] INFO  com.orangehrm.utilities.Log  - ===================================failedLoginTest Test Start ===================================
2025-06-06 11:31:58,673 [main] INFO  com.orangehrm.utilities.Log  - ===================================failedLoginTest Test End ===================================
2025-06-06 11:32:05,334 [main] INFO  com.orangehrm.utilities.Log  - ===================================successfulLoginTest Test Start ===================================
2025-06-06 11:32:08,196 [main] INFO  com.orangehrm.utilities.Log  - ===================================successfulLoginTest Test End ===================================
2025-06-06 11:32:16,219 [main] INFO  com.orangehrm.utilities.Log  - ===================================failedLoginTest Test Start ===================================
2025-06-06 11:32:17,438 [main] INFO  com.orangehrm.utilities.Log  - ===================================failedLoginTest Test End ===================================
2025-06-06 11:32:26,529 [main] INFO  com.orangehrm.utilities.Log  - ===================================successfulLoginTest Test Start ===================================
2025-06-06 11:32:29,686 [main] INFO  com.orangehrm.utilities.Log  - ===================================successfulLoginTest Test End ===================================
2025-06-06 11:34:35,406 [TestNG-tests-1] INFO  com.orangehrm.utilities.Log  - ===================================failedLoginTest Test Start ===================================
2025-06-06 11:34:38,091 [TestNG-tests-1] INFO  com.orangehrm.utilities.Log  - ===================================failedLoginTest Test End ===================================
2025-06-06 11:34:38,863 [TestNG-tests-2] INFO  com.orangehrm.utilities.Log  - ===================================failedLoginTest Test Start ===================================
2025-06-06 11:34:41,897 [TestNG-tests-2] INFO  com.orangehrm.utilities.Log  - ===================================failedLoginTest Test End ===================================
2025-06-06 11:34:44,075 [TestNG-tests-1] INFO  com.orangehrm.utilities.Log  - ===================================successfulLoginTest Test Start ===================================
2025-06-06 11:34:47,310 [TestNG-tests-1] INFO  com.orangehrm.utilities.Log  - ===================================successfulLoginTest Test End ===================================
2025-06-06 11:34:50,079 [TestNG-tests-2] INFO  com.orangehrm.utilities.Log  - ===================================successfulLoginTest Test Start ===================================
2025-06-06 11:34:52,865 [TestNG-tests-2] INFO  com.orangehrm.utilities.Log  - ===================================successfulLoginTest Test End ===================================
